<?xml version="1.0" encoding="UTF-8"?>
<!-- Generated by org.testng.reporters.JUnitXMLReporter -->
<testsuite hostname="DESKTOP-DDG3CLC" ignored="0" name="Command line test" tests="9" failures="2" timestamp="2020-02-18T23:30:24 AEDT" time="15.395" errors="0">
  <testcase name="runScenario" time="0.129" classname="io.cucumber.testng.AbstractTestNGCucumberTests"/>
  <testcase name="runScenario" time="0.121" classname="io.cucumber.testng.AbstractTestNGCucumberTests"/>
  <testcase name="runScenario" time="0.127" classname="io.cucumber.testng.AbstractTestNGCucumberTests"/>
  <testcase name="runScenario" time="0.124" classname="io.cucumber.testng.AbstractTestNGCucumberTests">
    <failure type="java.lang.AssertionError" message="Assertion will fail expected [false] but found [true]">
      <![CDATA[java.lang.AssertionError: Assertion will fail expected [false] but found [true]
at teamcity.live.reporting.StepDefinitions.third_step_is_executed(StepDefinitions.java:37)
at ✽.Test should fail(classpath:teamcity/live/reporting/First.feature:8)
... Removed 4 stack frames]]>
    </failure>
  </testcase> <!-- runScenario -->
  <testcase name="runScenario" time="0.122" classname="io.cucumber.testng.AbstractTestNGCucumberTests"/>
  <testcase name="runScenario" time="15.115" classname="io.cucumber.testng.AbstractTestNGCucumberTests"/>
  <testcase name="runScenario" time="15.118" classname="io.cucumber.testng.AbstractTestNGCucumberTests">
    <failure type="java.lang.AssertionError" message="Assertion will fail expected [false] but found [true]">
      <![CDATA[java.lang.AssertionError: Assertion will fail expected [false] but found [true]
at teamcity.live.reporting.StepDefinitions.third_step_is_executed(StepDefinitions.java:37)
at ✽.Test should fail(classpath:teamcity/live/reporting/Second.feature:10)
... Removed 4 stack frames]]>
    </failure>
  </testcase> <!-- runScenario -->
  <testcase name="runScenario" time="15.118" classname="io.cucumber.testng.AbstractTestNGCucumberTests"/>
  <testcase name="runScenario" time="15.118" classname="io.cucumber.testng.AbstractTestNGCucumberTests"/>
</testsuite> <!-- Command line test -->
