<?xml version="1.0" encoding="UTF-8"?>
<!-- Generated by org.testng.reporters.JUnitReportReporter -->
<testsuite skipped="0" hostname="DESKTOP-DDG3CLC" name="teamcity.live.reporting.RunCucumberTest" tests="9" failures="2" timestamp="2020-02-18T23:30:24 AEDT" time="61.092" errors="0">
  <testcase name="runScenario" time="0.121" classname="teamcity.live.reporting.RunCucumberTest"/>
  <system-out/>
  <testcase name="runScenario" time="0.122" classname="teamcity.live.reporting.RunCucumberTest"/>
  <system-out/>
  <testcase name="runScenario" time="0.129" classname="teamcity.live.reporting.RunCucumberTest"/>
  <system-out/>
  <testcase name="runScenario" time="15.118" classname="teamcity.live.reporting.RunCucumberTest"/>
  <system-out/>
  <testcase name="runScenario" time="15.118" classname="teamcity.live.reporting.RunCucumberTest">
    <failure type="java.lang.AssertionError" message="Assertion will fail expected [false] but found [true]">
      <![CDATA[java.lang.AssertionError: Assertion will fail expected [false] but found [true]
at org.testng.Assert.fail(Assert.java:97)
at org.testng.Assert.assertEqualsImpl(Assert.java:136)
at org.testng.Assert.assertEquals(Assert.java:118)
at org.testng.Assert.assertEquals(Assert.java:751)
at teamcity.live.reporting.StepDefinitions.third_step_is_executed(StepDefinitions.java:37)
at ✽.Test should fail(classpath:teamcity/live/reporting/Second.feature:10)
]]>
    </failure>
  </testcase> <!-- runScenario -->
  <system-out/>
  <testcase name="runScenario" time="0.127" classname="teamcity.live.reporting.RunCucumberTest"/>
  <system-out/>
  <testcase name="runScenario" time="15.115" classname="teamcity.live.reporting.RunCucumberTest"/>
  <system-out/>
  <testcase name="runScenario" time="15.118" classname="teamcity.live.reporting.RunCucumberTest"/>
  <system-out/>
  <testcase name="runScenario" time="0.124" classname="teamcity.live.reporting.RunCucumberTest">
    <failure type="java.lang.AssertionError" message="Assertion will fail expected [false] but found [true]">
      <![CDATA[java.lang.AssertionError: Assertion will fail expected [false] but found [true]
at org.testng.Assert.fail(Assert.java:97)
at org.testng.Assert.assertEqualsImpl(Assert.java:136)
at org.testng.Assert.assertEquals(Assert.java:118)
at org.testng.Assert.assertEquals(Assert.java:751)
at teamcity.live.reporting.StepDefinitions.third_step_is_executed(StepDefinitions.java:37)
at ✽.Test should fail(classpath:teamcity/live/reporting/First.feature:8)
]]>
    </failure>
  </testcase> <!-- runScenario -->
  <system-out/>
</testsuite> <!-- teamcity.live.reporting.RunCucumberTest -->
